<?xml version="1.0" encoding="UTF-8"?>
<testng-results ignored="0" total="1" passed="1" failed="0" skipped="0">
  <reporter-output>
  </reporter-output>
  <suite started-at="2022-05-21T15:00:21Z" name="Default suite" finished-at="2022-05-21T15:00:28Z" duration-ms="7002">
    <groups>
    </groups>
    <test started-at="2022-05-21T15:00:21Z" name="Default test" finished-at="2022-05-21T15:00:28Z" duration-ms="7002">
      <class name="com.ecommerce.qa.testcases.JupiterTestCase3">
        <test-method is-config="true" signature="setUp()[pri:0, instance:com.ecommerce.qa.testcases.JupiterTestCase3@be68757]" started-at="2022-05-21T20:30:21Z" name="setUp" finished-at="2022-05-21T20:30:25Z" duration-ms="3380" status="PASS">
          <reporter-output>
          </reporter-output>
        </test-method> <!-- setUp -->
        <test-method signature="jupiterContactTest()[pri:0, instance:com.ecommerce.qa.testcases.JupiterTestCase3@be68757]" started-at="2022-05-21T20:30:25Z" name="jupiterContactTest" finished-at="2022-05-21T20:30:28Z" duration-ms="3609" status="PASS">
          <reporter-output>
          </reporter-output>
        </test-method> <!-- jupiterContactTest -->
        <test-method is-config="true" signature="close()[pri:0, instance:com.ecommerce.qa.testcases.JupiterTestCase3@be68757]" started-at="2022-05-21T20:30:28Z" name="close" finished-at="2022-05-21T20:30:28Z" duration-ms="0" status="PASS">
          <reporter-output>
          </reporter-output>
        </test-method> <!-- close -->
      </class> <!-- com.ecommerce.qa.testcases.JupiterTestCase3 -->
    </test> <!-- Default test -->
  </suite> <!-- Default suite -->
</testng-results>
